2022-09-27  15:59:08.119 [restartedMain] INFO  com.wangff.learning.LearningApplication - Starting LearningApplication using Java 1.8.0_291 on MacBook-Pro.local with PID 23015 (/Users/wangff/workspace/learning/target/classes started by wangff in /Users/wangff/workspace/learning)
2022-09-27  15:59:08.121 [restartedMain] INFO  com.wangff.learning.LearningApplication - No active profile set, falling back to default profiles: default
2022-09-27  15:59:08.420 [restartedMain] INFO  org.springframework.boot.devtools.env.DevToolsPropertyDefaultsPostProcessor - Devtools property defaults active! Set 'spring.devtools.add-properties' to 'false' to disable
2022-09-27  15:59:08.422 [restartedMain] INFO  org.springframework.boot.devtools.env.DevToolsPropertyDefaultsPostProcessor - For additional web related logging consider setting the 'logging.level.web' property to 'DEBUG'
2022-09-27  15:59:09.513 [restartedMain] WARN  org.mybatis.spring.mapper.ClassPathMapperScanner - No MyBatis mapper was found in '[com.wangff.learning]' package. Please check your configuration.
2022-09-27  15:59:10.961 [restartedMain] INFO  org.springframework.boot.web.embedded.tomcat.TomcatWebServer - Tomcat initialized with port(s): 8080 (http)
2022-09-27  15:59:10.975 [restartedMain] INFO  org.apache.coyote.http11.Http11NioProtocol - Initializing ProtocolHandler ["http-nio-8080"]
2022-09-27  15:59:10.976 [restartedMain] INFO  org.apache.catalina.core.StandardService - Starting service [Tomcat]
2022-09-27  15:59:10.976 [restartedMain] INFO  org.apache.catalina.core.StandardEngine - Starting Servlet engine: [Apache Tomcat/9.0.41]
2022-09-27  15:59:11.115 [restartedMain] INFO  org.apache.catalina.core.ContainerBase.[Tomcat].[localhost].[/] - Initializing Spring embedded WebApplicationContext
2022-09-27  15:59:11.115 [restartedMain] INFO  org.springframework.boot.web.servlet.context.ServletWebServerApplicationContext - Root WebApplicationContext: initialization completed in 2692 ms
2022-09-27  15:59:12.659 [restartedMain] INFO  org.springframework.scheduling.concurrent.ThreadPoolTaskExecutor - Initializing ExecutorService 'applicationTaskExecutor'
2022-09-27  15:59:12.974 [restartedMain] INFO  tk.mybatis.mapper.autoconfigure.MapperCacheDisabler - Clear tk.mybatis.mapper.util.MsUtil CLASS_CACHE cache.
2022-09-27  15:59:12.974 [restartedMain] INFO  tk.mybatis.mapper.autoconfigure.MapperCacheDisabler - Clear tk.mybatis.mapper.genid.GenIdUtil CACHE cache.
2022-09-27  15:59:12.975 [restartedMain] INFO  tk.mybatis.mapper.autoconfigure.MapperCacheDisabler - Clear tk.mybatis.mapper.version.VersionUtil CACHE cache.
2022-09-27  15:59:12.975 [restartedMain] INFO  tk.mybatis.mapper.autoconfigure.MapperCacheDisabler - Clear EntityHelper entityTableMap cache.
2022-09-27  15:59:13.220 [restartedMain] INFO  org.springframework.boot.devtools.autoconfigure.OptionalLiveReloadServer - LiveReload server is running on port 35729
2022-09-27  15:59:13.284 [restartedMain] INFO  org.apache.coyote.http11.Http11NioProtocol - Starting ProtocolHandler ["http-nio-8080"]
2022-09-27  15:59:13.323 [restartedMain] INFO  org.springframework.boot.web.embedded.tomcat.TomcatWebServer - Tomcat started on port(s): 8080 (http) with context path ''
2022-09-27  15:59:13.343 [restartedMain] INFO  com.wangff.learning.LearningApplication - Started LearningApplication in 6.053 seconds (JVM running for 7.215)
2022-09-27  15:59:27.960 [SpringContextShutdownHook] INFO  org.springframework.scheduling.concurrent.ThreadPoolTaskExecutor - Shutting down ExecutorService 'applicationTaskExecutor'
2022-09-27  15:59:36.447 [main] INFO  org.springframework.boot.test.context.SpringBootTestContextBootstrapper - Neither @ContextConfiguration nor @ContextHierarchy found for test class [com.wangff.learning.LearningApplicationTests], using SpringBootContextLoader
2022-09-27  15:59:36.454 [main] INFO  org.springframework.test.context.support.AbstractContextLoader - Could not detect default resource locations for test class [com.wangff.learning.LearningApplicationTests]: no resource found for suffixes {-context.xml, Context.groovy}.
2022-09-27  15:59:36.455 [main] INFO  org.springframework.test.context.support.AnnotationConfigContextLoaderUtils - Could not detect default configuration classes for test class [com.wangff.learning.LearningApplicationTests]: LearningApplicationTests does not declare any static, non-private, non-final, nested classes annotated with @Configuration.
2022-09-27  15:59:36.806 [main] INFO  org.springframework.boot.test.context.SpringBootTestContextBootstrapper - Found @SpringBootConfiguration com.wangff.learning.LearningApplication for test class com.wangff.learning.LearningApplicationTests
2022-09-27  15:59:36.970 [main] INFO  org.springframework.boot.test.context.SpringBootTestContextBootstrapper - Loaded default TestExecutionListener class names from location [META-INF/spring.factories]: [org.springframework.boot.test.mock.mockito.MockitoTestExecutionListener, org.springframework.boot.test.mock.mockito.ResetMocksTestExecutionListener, org.springframework.boot.test.autoconfigure.restdocs.RestDocsTestExecutionListener, org.springframework.boot.test.autoconfigure.web.client.MockRestServiceServerResetTestExecutionListener, org.springframework.boot.test.autoconfigure.web.servlet.MockMvcPrintOnlyOnFailureTestExecutionListener, org.springframework.boot.test.autoconfigure.web.servlet.WebDriverTestExecutionListener, org.springframework.boot.test.autoconfigure.webservices.client.MockWebServiceServerTestExecutionListener, org.springframework.test.context.web.ServletTestExecutionListener, org.springframework.test.context.support.DirtiesContextBeforeModesTestExecutionListener, org.springframework.test.context.support.DependencyInjectionTestExecutionListener, org.springframework.test.context.support.DirtiesContextTestExecutionListener, org.springframework.test.context.transaction.TransactionalTestExecutionListener, org.springframework.test.context.jdbc.SqlScriptsTestExecutionListener, org.springframework.test.context.event.EventPublishingTestExecutionListener]
2022-09-27  15:59:36.993 [main] INFO  org.springframework.boot.test.context.SpringBootTestContextBootstrapper - Using TestExecutionListeners: [org.springframework.test.context.web.ServletTestExecutionListener@53142455, org.springframework.test.context.support.DirtiesContextBeforeModesTestExecutionListener@40dff0b7, org.springframework.boot.test.mock.mockito.MockitoTestExecutionListener@7966baa7, org.springframework.boot.test.autoconfigure.SpringBootDependencyInjectionTestExecutionListener@60975100, org.springframework.test.context.support.DirtiesContextTestExecutionListener@1253e7cb, org.springframework.test.context.transaction.TransactionalTestExecutionListener@2d36e77e, org.springframework.test.context.jdbc.SqlScriptsTestExecutionListener@61c9c3fd, org.springframework.test.context.event.EventPublishingTestExecutionListener@3b0c9195, org.springframework.boot.test.mock.mockito.ResetMocksTestExecutionListener@366c4480, org.springframework.boot.test.autoconfigure.restdocs.RestDocsTestExecutionListener@2c7b5824, org.springframework.boot.test.autoconfigure.web.client.MockRestServiceServerResetTestExecutionListener@302a07d, org.springframework.boot.test.autoconfigure.web.servlet.MockMvcPrintOnlyOnFailureTestExecutionListener@5cdd09b1, org.springframework.boot.test.autoconfigure.web.servlet.WebDriverTestExecutionListener@8c11eee, org.springframework.boot.test.autoconfigure.webservices.client.MockWebServiceServerTestExecutionListener@7e8dcdaa]
2022-09-27  15:59:37.727 [main] INFO  com.wangff.learning.LearningApplicationTests - Starting LearningApplicationTests using Java 1.8.0_291 on MacBook-Pro.local with PID 23276 (started by wangff in /Users/wangff/workspace/learning)
2022-09-27  15:59:37.743 [main] INFO  com.wangff.learning.LearningApplicationTests - No active profile set, falling back to default profiles: default
2022-09-27  15:59:39.091 [main] WARN  org.mybatis.spring.mapper.ClassPathMapperScanner - No MyBatis mapper was found in '[com.wangff.learning]' package. Please check your configuration.
2022-09-27  15:59:42.175 [main] INFO  org.springframework.scheduling.concurrent.ThreadPoolTaskExecutor - Initializing ExecutorService 'applicationTaskExecutor'
2022-09-27  15:59:42.801 [main] INFO  tk.mybatis.mapper.autoconfigure.MapperCacheDisabler - Clear tk.mybatis.mapper.util.MsUtil CLASS_CACHE cache.
2022-09-27  15:59:42.802 [main] INFO  tk.mybatis.mapper.autoconfigure.MapperCacheDisabler - Clear tk.mybatis.mapper.genid.GenIdUtil CACHE cache.
2022-09-27  15:59:42.803 [main] INFO  tk.mybatis.mapper.autoconfigure.MapperCacheDisabler - Clear tk.mybatis.mapper.version.VersionUtil CACHE cache.
2022-09-27  15:59:42.803 [main] INFO  tk.mybatis.mapper.autoconfigure.MapperCacheDisabler - Clear EntityHelper entityTableMap cache.
2022-09-27  15:59:43.291 [main] INFO  com.wangff.learning.LearningApplicationTests - Started LearningApplicationTests in 6.176 seconds (JVM running for 8.361)
2022-09-27  15:59:43.685 [SpringContextShutdownHook] INFO  org.springframework.scheduling.concurrent.ThreadPoolTaskExecutor - Shutting down ExecutorService 'applicationTaskExecutor'
